{"C:\\Users\\tmkbr\\OneDrive\\Desktop\\steph\\dalhousie\\W26\\csci-3172\\labs\\lab5\\js\\utils.js": {"path":"C:\\Users\\tmkbr\\OneDrive\\Desktop\\steph\\dalhousie\\W26\\csci-3172\\labs\\lab5\\js\\utils.js","statementMap":{"0":{"start":{"line":10,"column":20},"end":{"line":120,"column":1}},"1":{"start":{"line":20,"column":4},"end":{"line":20,"column":55}},"2":{"start":{"line":20,"column":45},"end":{"line":20,"column":55}},"3":{"start":{"line":21,"column":4},"end":{"line":28,"column":6}},"4":{"start":{"line":25,"column":30},"end":{"line":25,"column":60}},"5":{"start":{"line":26,"column":33},"end":{"line":26,"column":53}},"6":{"start":{"line":42,"column":23},"end":{"line":42,"column":62}},"7":{"start":{"line":43,"column":23},"end":{"line":43,"column":62}},"8":{"start":{"line":44,"column":23},"end":{"line":44,"column":62}},"9":{"start":{"line":45,"column":23},"end":{"line":45,"column":85}},"10":{"start":{"line":46,"column":23},"end":{"line":46,"column":40}},"11":{"start":{"line":47,"column":23},"end":{"line":47,"column":77}},"12":{"start":{"line":49,"column":17},"end":{"line":49,"column":38}},"13":{"start":{"line":50,"column":4},"end":{"line":50,"column":33}},"14":{"start":{"line":52,"column":4},"end":{"line":52,"column":89}},"15":{"start":{"line":52,"column":33},"end":{"line":52,"column":89}},"16":{"start":{"line":53,"column":4},"end":{"line":53,"column":83}},"17":{"start":{"line":53,"column":33},"end":{"line":53,"column":83}},"18":{"start":{"line":54,"column":4},"end":{"line":54,"column":90}},"19":{"start":{"line":54,"column":33},"end":{"line":54,"column":90}},"20":{"start":{"line":56,"column":4},"end":{"line":56,"column":18}},"21":{"start":{"line":66,"column":4},"end":{"line":66,"column":47}},"22":{"start":{"line":66,"column":34},"end":{"line":66,"column":47}},"23":{"start":{"line":67,"column":15},"end":{"line":67,"column":39}},"24":{"start":{"line":68,"column":15},"end":{"line":68,"column":27}},"25":{"start":{"line":69,"column":4},"end":{"line":69,"column":41}},"26":{"start":{"line":69,"column":20},"end":{"line":69,"column":41}},"27":{"start":{"line":70,"column":4},"end":{"line":70,"column":39}},"28":{"start":{"line":70,"column":20},"end":{"line":70,"column":39}},"29":{"start":{"line":71,"column":4},"end":{"line":71,"column":40}},"30":{"start":{"line":83,"column":4},"end":{"line":83,"column":24}},"31":{"start":{"line":83,"column":14},"end":{"line":83,"column":24}},"32":{"start":{"line":84,"column":4},"end":{"line":89,"column":32}},"33":{"start":{"line":100,"column":4},"end":{"line":100,"column":54}},"34":{"start":{"line":100,"column":41},"end":{"line":100,"column":54}},"35":{"start":{"line":101,"column":4},"end":{"line":106,"column":5}},"36":{"start":{"line":102,"column":19},"end":{"line":102,"column":31}},"37":{"start":{"line":103,"column":6},"end":{"line":103,"column":73}},"38":{"start":{"line":105,"column":6},"end":{"line":105,"column":19}},"39":{"start":{"line":116,"column":4},"end":{"line":116,"column":24}},"40":{"start":{"line":116,"column":14},"end":{"line":116,"column":24}},"41":{"start":{"line":117,"column":4},"end":{"line":117,"column":54}},"42":{"start":{"line":123,"column":0},"end":{"line":125,"column":1}},"43":{"start":{"line":124,"column":2},"end":{"line":124,"column":31}}},"fnMap":{"0":{"name":"(anonymous_0)","decl":{"start":{"line":19,"column":20},"end":{"line":19,"column":21}},"loc":{"start":{"line":19,"column":37},"end":{"line":29,"column":3}},"line":19},"1":{"name":"(anonymous_1)","decl":{"start":{"line":25,"column":15},"end":{"line":25,"column":16}},"loc":{"start":{"line":25,"column":28},"end":{"line":25,"column":62}},"line":25},"2":{"name":"(anonymous_2)","decl":{"start":{"line":26,"column":18},"end":{"line":26,"column":19}},"loc":{"start":{"line":26,"column":31},"end":{"line":26,"column":55}},"line":26},"3":{"name":"(anonymous_3)","decl":{"start":{"line":41,"column":20},"end":{"line":41,"column":21}},"loc":{"start":{"line":41,"column":39},"end":{"line":57,"column":3}},"line":41},"4":{"name":"(anonymous_4)","decl":{"start":{"line":65,"column":14},"end":{"line":65,"column":15}},"loc":{"start":{"line":65,"column":33},"end":{"line":72,"column":3}},"line":65},"5":{"name":"(anonymous_5)","decl":{"start":{"line":82,"column":16},"end":{"line":82,"column":17}},"loc":{"start":{"line":82,"column":31},"end":{"line":90,"column":3}},"line":82},"6":{"name":"(anonymous_6)","decl":{"start":{"line":99,"column":19},"end":{"line":99,"column":20}},"loc":{"start":{"line":99,"column":34},"end":{"line":107,"column":3}},"line":99},"7":{"name":"(anonymous_7)","decl":{"start":{"line":115,"column":14},"end":{"line":115,"column":15}},"loc":{"start":{"line":115,"column":29},"end":{"line":118,"column":3}},"line":115}},"branchMap":{"0":{"loc":{"start":{"line":20,"column":4},"end":{"line":20,"column":55}},"type":"if","locations":[{"start":{"line":20,"column":4},"end":{"line":20,"column":55}},{"start":{},"end":{}}],"line":20},"1":{"loc":{"start":{"line":20,"column":8},"end":{"line":20,"column":43}},"type":"binary-expr","locations":[{"start":{"line":20,"column":8},"end":{"line":20,"column":14}},{"start":{"line":20,"column":18},"end":{"line":20,"column":43}}],"line":20},"2":{"loc":{"start":{"line":42,"column":23},"end":{"line":42,"column":62}},"type":"binary-expr","locations":[{"start":{"line":42,"column":24},"end":{"line":42,"column":31}},{"start":{"line":42,"column":35},"end":{"line":42,"column":54}},{"start":{"line":42,"column":60},"end":{"line":42,"column":62}}],"line":42},"3":{"loc":{"start":{"line":43,"column":23},"end":{"line":43,"column":62}},"type":"binary-expr","locations":[{"start":{"line":43,"column":24},"end":{"line":43,"column":31}},{"start":{"line":43,"column":35},"end":{"line":43,"column":48}},{"start":{"line":43,"column":60},"end":{"line":43,"column":62}}],"line":43},"4":{"loc":{"start":{"line":44,"column":23},"end":{"line":44,"column":62}},"type":"binary-expr","locations":[{"start":{"line":44,"column":24},"end":{"line":44,"column":31}},{"start":{"line":44,"column":35},"end":{"line":44,"column":55}},{"start":{"line":44,"column":60},"end":{"line":44,"column":62}}],"line":44},"5":{"loc":{"start":{"line":45,"column":23},"end":{"line":45,"column":85}},"type":"cond-expr","locations":[{"start":{"line":45,"column":67},"end":{"line":45,"column":81}},{"start":{"line":45,"column":84},"end":{"line":45,"column":85}}],"line":45},"6":{"loc":{"start":{"line":45,"column":24},"end":{"line":45,"column":63}},"type":"binary-expr","locations":[{"start":{"line":45,"column":24},"end":{"line":45,"column":31}},{"start":{"line":45,"column":35},"end":{"line":45,"column":63}}],"line":45},"7":{"loc":{"start":{"line":47,"column":49},"end":{"line":47,"column":75}},"type":"cond-expr","locations":[{"start":{"line":47,"column":65},"end":{"line":47,"column":66}},{"start":{"line":47,"column":69},"end":{"line":47,"column":75}}],"line":47},"8":{"loc":{"start":{"line":52,"column":4},"end":{"line":52,"column":89}},"type":"if","locations":[{"start":{"line":52,"column":4},"end":{"line":52,"column":89}},{"start":{},"end":{}}],"line":52},"9":{"loc":{"start":{"line":53,"column":4},"end":{"line":53,"column":83}},"type":"if","locations":[{"start":{"line":53,"column":4},"end":{"line":53,"column":83}},{"start":{},"end":{}}],"line":53},"10":{"loc":{"start":{"line":54,"column":4},"end":{"line":54,"column":90}},"type":"if","locations":[{"start":{"line":54,"column":4},"end":{"line":54,"column":90}},{"start":{},"end":{}}],"line":54},"11":{"loc":{"start":{"line":66,"column":4},"end":{"line":66,"column":47}},"type":"if","locations":[{"start":{"line":66,"column":4},"end":{"line":66,"column":47}},{"start":{},"end":{}}],"line":66},"12":{"loc":{"start":{"line":66,"column":8},"end":{"line":66,"column":32}},"type":"binary-expr","locations":[{"start":{"line":66,"column":8},"end":{"line":66,"column":16}},{"start":{"line":66,"column":20},"end":{"line":66,"column":32}}],"line":66},"13":{"loc":{"start":{"line":69,"column":4},"end":{"line":69,"column":41}},"type":"if","locations":[{"start":{"line":69,"column":4},"end":{"line":69,"column":41}},{"start":{},"end":{}}],"line":69},"14":{"loc":{"start":{"line":70,"column":4},"end":{"line":70,"column":39}},"type":"if","locations":[{"start":{"line":70,"column":4},"end":{"line":70,"column":39}},{"start":{},"end":{}}],"line":70},"15":{"loc":{"start":{"line":83,"column":4},"end":{"line":83,"column":24}},"type":"if","locations":[{"start":{"line":83,"column":4},"end":{"line":83,"column":24}},{"start":{},"end":{}}],"line":83},"16":{"loc":{"start":{"line":100,"column":4},"end":{"line":100,"column":54}},"type":"if","locations":[{"start":{"line":100,"column":4},"end":{"line":100,"column":54}},{"start":{},"end":{}}],"line":100},"17":{"loc":{"start":{"line":100,"column":8},"end":{"line":100,"column":39}},"type":"binary-expr","locations":[{"start":{"line":100,"column":8},"end":{"line":100,"column":12}},{"start":{"line":100,"column":16},"end":{"line":100,"column":39}}],"line":100},"18":{"loc":{"start":{"line":103,"column":13},"end":{"line":103,"column":72}},"type":"binary-expr","locations":[{"start":{"line":103,"column":13},"end":{"line":103,"column":41}},{"start":{"line":103,"column":45},"end":{"line":103,"column":72}}],"line":103},"19":{"loc":{"start":{"line":116,"column":4},"end":{"line":116,"column":24}},"type":"if","locations":[{"start":{"line":116,"column":4},"end":{"line":116,"column":24}},{"start":{},"end":{}}],"line":116},"20":{"loc":{"start":{"line":123,"column":0},"end":{"line":125,"column":1}},"type":"if","locations":[{"start":{"line":123,"column":0},"end":{"line":125,"column":1}},{"start":{},"end":{}}],"line":123},"21":{"loc":{"start":{"line":123,"column":4},"end":{"line":123,"column":51}},"type":"binary-expr","locations":[{"start":{"line":123,"column":4},"end":{"line":123,"column":33}},{"start":{"line":123,"column":37},"end":{"line":123,"column":51}}],"line":123}},"s":{"0":1,"1":9,"2":3,"3":6,"4":15,"5":15,"6":11,"7":11,"8":11,"9":11,"10":11,"11":11,"12":11,"13":11,"14":11,"15":1,"16":11,"17":1,"18":11,"19":1,"20":11,"21":10,"22":4,"23":6,"24":6,"25":6,"26":2,"27":4,"28":2,"29":2,"30":8,"31":2,"32":6,"33":7,"34":2,"35":5,"36":5,"37":4,"38":1,"39":5,"40":2,"41":3,"42":1,"43":1},"f":{"0":9,"1":15,"2":15,"3":11,"4":10,"5":8,"6":7,"7":5},"b":{"0":[3,6],"1":[9,6],"2":[11,11,9],"3":[11,11,9],"4":[11,11,10],"5":[5,6],"6":[11,11],"7":[1,10],"8":[1,10],"9":[1,10],"10":[1,10],"11":[4,6],"12":[10,7],"13":[2,4],"14":[2,2],"15":[2,6],"16":[2,5],"17":[7,5],"18":[4,3],"19":[2,3],"20":[1,0],"21":[1,1]},"_coverageSchema":"1a1c01bbd47fc00a2c39e90264f33305004495a9","hash":"873fc00be70eda78be660c02163c6b6043de55ea"}
,"C:\\Users\\tmkbr\\OneDrive\\Desktop\\steph\\dalhousie\\W26\\csci-3172\\labs\\lab5\\netlify\\functions\\recipes.js": {"path":"C:\\Users\\tmkbr\\OneDrive\\Desktop\\steph\\dalhousie\\W26\\csci-3172\\labs\\lab5\\netlify\\functions\\recipes.js","statementMap":{"0":{"start":{"line":17,"column":0},"end":{"line":84,"column":2}},"1":{"start":{"line":20,"column":2},"end":{"line":26,"column":3}},"2":{"start":{"line":21,"column":4},"end":{"line":25,"column":6}},"3":{"start":{"line":29,"column":16},"end":{"line":29,"column":47}},"4":{"start":{"line":30,"column":2},"end":{"line":34,"column":3}},"5":{"start":{"line":31,"column":4},"end":{"line":31,"column":87}},"6":{"start":{"line":32,"column":4},"end":{"line":33,"column":94}},"7":{"start":{"line":37,"column":25},"end":{"line":37,"column":58}},"8":{"start":{"line":38,"column":27},"end":{"line":38,"column":66}},"9":{"start":{"line":39,"column":25},"end":{"line":39,"column":50}},"10":{"start":{"line":40,"column":25},"end":{"line":40,"column":58}},"11":{"start":{"line":41,"column":25},"end":{"line":41,"column":70}},"12":{"start":{"line":44,"column":15},"end":{"line":49,"column":4}},"13":{"start":{"line":51,"column":2},"end":{"line":51,"column":79}},"14":{"start":{"line":51,"column":26},"end":{"line":51,"column":79}},"15":{"start":{"line":52,"column":2},"end":{"line":52,"column":65}},"16":{"start":{"line":52,"column":26},"end":{"line":52,"column":65}},"17":{"start":{"line":53,"column":2},"end":{"line":53,"column":73}},"18":{"start":{"line":53,"column":26},"end":{"line":53,"column":73}},"19":{"start":{"line":55,"column":17},"end":{"line":55,"column":89}},"20":{"start":{"line":57,"column":2},"end":{"line":83,"column":3}},"21":{"start":{"line":58,"column":19},"end":{"line":58,"column":40}},"22":{"start":{"line":60,"column":4},"end":{"line":71,"column":5}},"23":{"start":{"line":61,"column":20},"end":{"line":61,"column":75}},"24":{"start":{"line":61,"column":62},"end":{"line":61,"column":72}},"25":{"start":{"line":62,"column":6},"end":{"line":62,"column":89}},"26":{"start":{"line":64,"column":6},"end":{"line":66,"column":7}},"27":{"start":{"line":65,"column":8},"end":{"line":65,"column":98}},"28":{"start":{"line":67,"column":6},"end":{"line":69,"column":7}},"29":{"start":{"line":68,"column":8},"end":{"line":68,"column":90}},"30":{"start":{"line":70,"column":6},"end":{"line":70,"column":89}},"31":{"start":{"line":73,"column":15},"end":{"line":73,"column":36}},"32":{"start":{"line":74,"column":4},"end":{"line":78,"column":6}},"33":{"start":{"line":81,"column":4},"end":{"line":81,"column":57}},"34":{"start":{"line":82,"column":4},"end":{"line":82,"column":88}},"35":{"start":{"line":90,"column":2},"end":{"line":94,"column":4}},"36":{"start":{"line":99,"column":2},"end":{"line":103,"column":4}},"37":{"start":{"line":115,"column":2},"end":{"line":115,"column":55}},"38":{"start":{"line":115,"column":43},"end":{"line":115,"column":55}},"39":{"start":{"line":116,"column":16},"end":{"line":116,"column":75}},"40":{"start":{"line":117,"column":2},"end":{"line":117,"column":25}},"41":{"start":{"line":128,"column":2},"end":{"line":128,"column":45}}},"fnMap":{"0":{"name":"(anonymous_0)","decl":{"start":{"line":17,"column":18},"end":{"line":17,"column":19}},"loc":{"start":{"line":17,"column":41},"end":{"line":84,"column":1}},"line":17},"1":{"name":"(anonymous_1)","decl":{"start":{"line":61,"column":48},"end":{"line":61,"column":49}},"loc":{"start":{"line":61,"column":60},"end":{"line":61,"column":74}},"line":61},"2":{"name":"jsonHeaders","decl":{"start":{"line":89,"column":9},"end":{"line":89,"column":20}},"loc":{"start":{"line":89,"column":23},"end":{"line":95,"column":1}},"line":89},"3":{"name":"errorResponse","decl":{"start":{"line":98,"column":9},"end":{"line":98,"column":22}},"loc":{"start":{"line":98,"column":40},"end":{"line":104,"column":1}},"line":98},"4":{"name":"sanitizeParam","decl":{"start":{"line":114,"column":9},"end":{"line":114,"column":22}},"loc":{"start":{"line":114,"column":30},"end":{"line":118,"column":1}},"line":114},"5":{"name":"clamp","decl":{"start":{"line":127,"column":9},"end":{"line":127,"column":14}},"loc":{"start":{"line":127,"column":32},"end":{"line":129,"column":1}},"line":127}},"branchMap":{"0":{"loc":{"start":{"line":20,"column":2},"end":{"line":26,"column":3}},"type":"if","locations":[{"start":{"line":20,"column":2},"end":{"line":26,"column":3}},{"start":{},"end":{}}],"line":20},"1":{"loc":{"start":{"line":30,"column":2},"end":{"line":34,"column":3}},"type":"if","locations":[{"start":{"line":30,"column":2},"end":{"line":34,"column":3}},{"start":{},"end":{}}],"line":30},"2":{"loc":{"start":{"line":37,"column":25},"end":{"line":37,"column":58}},"type":"binary-expr","locations":[{"start":{"line":37,"column":25},"end":{"line":37,"column":52}},{"start":{"line":37,"column":56},"end":{"line":37,"column":58}}],"line":37},"3":{"loc":{"start":{"line":41,"column":31},"end":{"line":41,"column":62}},"type":"binary-expr","locations":[{"start":{"line":41,"column":31},"end":{"line":41,"column":57}},{"start":{"line":41,"column":61},"end":{"line":41,"column":62}}],"line":41},"4":{"loc":{"start":{"line":51,"column":2},"end":{"line":51,"column":79}},"type":"if","locations":[{"start":{"line":51,"column":2},"end":{"line":51,"column":79}},{"start":{},"end":{}}],"line":51},"5":{"loc":{"start":{"line":52,"column":2},"end":{"line":52,"column":65}},"type":"if","locations":[{"start":{"line":52,"column":2},"end":{"line":52,"column":65}},{"start":{},"end":{}}],"line":52},"6":{"loc":{"start":{"line":53,"column":2},"end":{"line":53,"column":73}},"type":"if","locations":[{"start":{"line":53,"column":2},"end":{"line":53,"column":73}},{"start":{},"end":{}}],"line":53},"7":{"loc":{"start":{"line":60,"column":4},"end":{"line":71,"column":5}},"type":"if","locations":[{"start":{"line":60,"column":4},"end":{"line":71,"column":5}},{"start":{},"end":{}}],"line":60},"8":{"loc":{"start":{"line":64,"column":6},"end":{"line":66,"column":7}},"type":"if","locations":[{"start":{"line":64,"column":6},"end":{"line":66,"column":7}},{"start":{},"end":{}}],"line":64},"9":{"loc":{"start":{"line":64,"column":10},"end":{"line":64,"column":60}},"type":"binary-expr","locations":[{"start":{"line":64,"column":10},"end":{"line":64,"column":33}},{"start":{"line":64,"column":37},"end":{"line":64,"column":60}}],"line":64},"10":{"loc":{"start":{"line":67,"column":6},"end":{"line":69,"column":7}},"type":"if","locations":[{"start":{"line":67,"column":6},"end":{"line":69,"column":7}},{"start":{},"end":{}}],"line":67},"11":{"loc":{"start":{"line":115,"column":2},"end":{"line":115,"column":55}},"type":"if","locations":[{"start":{"line":115,"column":2},"end":{"line":115,"column":55}},{"start":{},"end":{}}],"line":115},"12":{"loc":{"start":{"line":115,"column":6},"end":{"line":115,"column":41}},"type":"binary-expr","locations":[{"start":{"line":115,"column":6},"end":{"line":115,"column":12}},{"start":{"line":115,"column":16},"end":{"line":115,"column":41}}],"line":115},"13":{"loc":{"start":{"line":117,"column":9},"end":{"line":117,"column":24}},"type":"binary-expr","locations":[{"start":{"line":117,"column":9},"end":{"line":117,"column":16}},{"start":{"line":117,"column":20},"end":{"line":117,"column":24}}],"line":117}},"s":{"0":1,"1":18,"2":3,"3":15,"4":15,"5":1,"6":1,"7":14,"8":14,"9":14,"10":14,"11":14,"12":14,"13":14,"14":1,"15":14,"16":1,"17":14,"18":1,"19":14,"20":14,"21":14,"22":13,"23":3,"24":0,"25":3,"26":3,"27":1,"28":2,"29":1,"30":1,"31":10,"32":10,"33":1,"34":1,"35":18,"36":5,"37":42,"38":39,"39":3,"40":3,"41":14},"f":{"0":18,"1":0,"2":18,"3":5,"4":42,"5":14},"b":{"0":[3,15],"1":[1,14],"2":[14,0],"3":[14,11],"4":[1,13],"5":[1,13],"6":[1,13],"7":[3,10],"8":[1,2],"9":[3,2],"10":[1,1],"11":[39,3],"12":[42,3],"13":[3,0]},"_coverageSchema":"1a1c01bbd47fc00a2c39e90264f33305004495a9","hash":"9a40151b0ba95c6508263065080bacad3de722ad"}
}
