TN:
SF:js\utils.js
FN:19,(anonymous_0)
FN:25,(anonymous_1)
FN:26,(anonymous_2)
FN:41,(anonymous_3)
FN:65,(anonymous_4)
FN:82,(anonymous_5)
FN:99,(anonymous_6)
FN:115,(anonymous_7)
FNF:8
FNH:8
FNDA:9,(anonymous_0)
FNDA:15,(anonymous_1)
FNDA:15,(anonymous_2)
FNDA:11,(anonymous_3)
FNDA:10,(anonymous_4)
FNDA:8,(anonymous_5)
FNDA:7,(anonymous_6)
FNDA:5,(anonymous_7)
DA:10,1
DA:20,9
DA:21,6
DA:25,15
DA:26,15
DA:42,11
DA:43,11
DA:44,11
DA:45,11
DA:46,11
DA:47,11
DA:49,11
DA:50,11
DA:52,11
DA:53,11
DA:54,11
DA:56,11
DA:66,10
DA:67,6
DA:68,6
DA:69,6
DA:70,4
DA:71,2
DA:83,8
DA:84,6
DA:100,7
DA:101,5
DA:102,5
DA:103,4
DA:105,1
DA:116,5
DA:117,3
DA:123,1
DA:124,1
LF:34
LH:34
BRDA:20,0,0,3
BRDA:20,0,1,6
BRDA:20,1,0,9
BRDA:20,1,1,6
BRDA:42,2,0,11
BRDA:42,2,1,11
BRDA:42,2,2,9
BRDA:43,3,0,11
BRDA:43,3,1,11
BRDA:43,3,2,9
BRDA:44,4,0,11
BRDA:44,4,1,11
BRDA:44,4,2,10
BRDA:45,5,0,5
BRDA:45,5,1,6
BRDA:45,6,0,11
BRDA:45,6,1,11
BRDA:47,7,0,1
BRDA:47,7,1,10
BRDA:52,8,0,1
BRDA:52,8,1,10
BRDA:53,9,0,1
BRDA:53,9,1,10
BRDA:54,10,0,1
BRDA:54,10,1,10
BRDA:66,11,0,4
BRDA:66,11,1,6
BRDA:66,12,0,10
BRDA:66,12,1,7
BRDA:69,13,0,2
BRDA:69,13,1,4
BRDA:70,14,0,2
BRDA:70,14,1,2
BRDA:83,15,0,2
BRDA:83,15,1,6
BRDA:100,16,0,2
BRDA:100,16,1,5
BRDA:100,17,0,7
BRDA:100,17,1,5
BRDA:103,18,0,4
BRDA:103,18,1,3
BRDA:116,19,0,2
BRDA:116,19,1,3
BRDA:123,20,0,1
BRDA:123,20,1,0
BRDA:123,21,0,1
BRDA:123,21,1,1
BRF:47
BRH:46
end_of_record
TN:
SF:netlify\functions\recipes.js
FN:17,(anonymous_0)
FN:61,(anonymous_1)
FN:89,jsonHeaders
FN:98,errorResponse
FN:114,sanitizeParam
FN:127,clamp
FNF:6
FNH:5
FNDA:18,(anonymous_0)
FNDA:0,(anonymous_1)
FNDA:18,jsonHeaders
FNDA:5,errorResponse
FNDA:42,sanitizeParam
FNDA:14,clamp
DA:17,1
DA:20,18
DA:21,3
DA:29,15
DA:30,15
DA:31,1
DA:32,1
DA:37,14
DA:38,14
DA:39,14
DA:40,14
DA:41,14
DA:44,14
DA:51,14
DA:52,14
DA:53,14
DA:55,14
DA:57,14
DA:58,14
DA:60,13
DA:61,3
DA:62,3
DA:64,3
DA:65,1
DA:67,2
DA:68,1
DA:70,1
DA:73,10
DA:74,10
DA:81,1
DA:82,1
DA:90,18
DA:99,5
DA:115,42
DA:116,3
DA:117,3
DA:128,14
LF:37
LH:37
BRDA:20,0,0,3
BRDA:20,0,1,15
BRDA:30,1,0,1
BRDA:30,1,1,14
BRDA:37,2,0,14
BRDA:37,2,1,0
BRDA:41,3,0,14
BRDA:41,3,1,11
BRDA:51,4,0,1
BRDA:51,4,1,13
BRDA:52,5,0,1
BRDA:52,5,1,13
BRDA:53,6,0,1
BRDA:53,6,1,13
BRDA:60,7,0,3
BRDA:60,7,1,10
BRDA:64,8,0,1
BRDA:64,8,1,2
BRDA:64,9,0,3
BRDA:64,9,1,2
BRDA:67,10,0,1
BRDA:67,10,1,1
BRDA:115,11,0,39
BRDA:115,11,1,3
BRDA:115,12,0,42
BRDA:115,12,1,3
BRDA:117,13,0,3
BRDA:117,13,1,0
BRF:28
BRH:26
end_of_record
